#
# There is insufficient memory for the Java Runtime Environment to continue.
# Native memory allocation (mmap) failed to map 400556032 bytes for Failed to commit area from 0x0000000683e00000 to 0x000000069bc00000 of length 400556032.
# Possible reasons:
#   The system is out of physical RAM or swap space
#   The process is running with CompressedOops enabled, and the Java Heap may be blocking the growth of the native heap
# Possible solutions:
#   Reduce memory load on the system
#   Increase physical memory or swap space
#   Check if swap backing store is full
#   Decrease Java heap size (-Xmx/-Xms)
#   Decrease number of Java threads
#   Decrease Java thread stack sizes (-Xss)
#   Set larger code cache with -XX:ReservedCodeCacheSize=
# This output file may be truncated or incomplete.
#
#  Out of Memory Error (./src/hotspot/os/windows/os_windows.cpp:3303), pid=20984, tid=20152
#
# JRE version:  (11.0.8+10) (build )
# Java VM: OpenJDK 64-Bit Server VM (11.0.8+10-b944.34, mixed mode, sharing, tiered, compressed oops, g1 gc, windows-amd64)
# No core dump will be written. Minidumps are not enabled by default on client versions of Windows
#

---------------  S U M M A R Y ------------

Command Line: org.jetbrains.git4idea.http.GitAskPassApp Username for 'https://github.com': 

Host: Intel(R) Core(TM) i7-8565U CPU @ 1.80GHz, 8 cores, 23G,  Windows 10 , 64 bit Build 19041 (10.0.19041.928)
Time: Sun Jun  6 23:37:24 2021 Pacific Daylight Time elapsed time: 0 seconds (0d 0h 0m 0s)

---------------  T H R E A D  ---------------

Current thread (0x000001dc42dca800):  JavaThread "Unknown thread" [_thread_in_vm, id=20152, stack(0x0000005e1ec00000,0x0000005e1ed00000)]

Stack: [0x0000005e1ec00000,0x0000005e1ed00000]
Native frames: (J=compiled Java code, j=interpreted, Vv=VM code, C=native code)
V  [jvm.dll+0x5de35a]
V  [jvm.dll+0x712355]
V  [jvm.dll+0x7138ad]
V  [jvm.dll+0x713f63]
V  [jvm.dll+0x23e628]
V  [jvm.dll+0x5db804]
V  [jvm.dll+0x5d0925]
V  [jvm.dll+0x2faf9b]
V  [jvm.dll+0x2faf0a]
V  [jvm.dll+0x2fade2]
V  [jvm.dll+0x2ffcb6]
V  [jvm.dll+0x3483a3]
V  [jvm.dll+0x348aa6]
V  [jvm.dll+0x3484a3]
V  [jvm.dll+0x2d5be8]
V  [jvm.dll+0x2d6d87]
V  [jvm.dll+0x6f10e7]
V  [jvm.dll+0x6f28dc]
V  [jvm.dll+0x3558f9]
V  [jvm.dll+0x6d492e]
V  [jvm.dll+0x3bdad3]
V  [jvm.dll+0x3bfd01]
C  [jli.dll+0x5373]
C  [ucrtbase.dll+0x21bb2]
C  [KERNEL32.DLL+0x17034]
C  [ntdll.dll+0x52651]


---------------  P R O C E S S  ---------------

Threads class SMR info:
_java_thread_list=0x000001dc40be1c70, length=0, elements={
}

Java Threads: ( => current thread )

Other Threads:
  0x000001dc42de2000 GCTaskThread "GC Thread#0" [stack: 0x0000005e1ed00000,0x0000005e1ee00000] [id=13820]
  0x000001dc42e6a800 ConcurrentGCThread "G1 Main Marker" [stack: 0x0000005e1ee00000,0x0000005e1ef00000] [id=21464]
  0x000001dc42e6d000 ConcurrentGCThread "G1 Conc#0" [stack: 0x0000005e1ef00000,0x0000005e1f000000] [id=19828]

[error occurred during error reporting (printing all threads), id 0xc0000005, EXCEPTION_ACCESS_VIOLATION (0xc0000005) at pc=0x00007ffd46d560c7]

VM state:not at safepoint (not fully initialized)

VM Mutex/Monitor currently owned by a thread:  ([mutex/lock_event])
[0x000001dc42dc7b50] Heap_lock - owner thread: 0x000001dc42dca800

Heap address: 0x0000000683e00000, size: 6082 MB, Compressed Oops mode: Non-zero based: 0x0000000683e00000
Narrow klass base: 0x0000000000000000, Narrow klass shift: 0

GC Heap History (0 events):
No events

Deoptimization events (0 events):
No events

Classes redefined (0 events):
No events

Internal exceptions (0 events):
No events

Events (1 events):
Event: 0.005 Loaded shared library C:\Program Files\JetBrains\PyCharm Community Edition 2020.2.3\jbr\bin\zip.dll


Dynamic libraries:
0x00007ff639aa0000 - 0x00007ff639aaa000 	C:\Program Files\JetBrains\PyCharm Community Edition 2020.2.3\jbr\bin\java.exe
0x00007ffd91b70000 - 0x00007ffd91d65000 	C:\WINDOWS\SYSTEM32\ntdll.dll
0x00007ffd90750000 - 0x00007ffd9080d000 	C:\WINDOWS\System32\KERNEL32.DLL
0x00007ffd8f610000 - 0x00007ffd8f8d8000 	C:\WINDOWS\System32\KERNELBASE.dll
0x00007ffd8f460000 - 0x00007ffd8f560000 	C:\WINDOWS\System32\ucrtbase.dll
0x00007ffd63ba0000 - 0x00007ffd63bb9000 	C:\Program Files\JetBrains\PyCharm Community Edition 2020.2.3\jbr\bin\jli.dll
0x00007ffd63b50000 - 0x00007ffd63b67000 	C:\Program Files\JetBrains\PyCharm Community Edition 2020.2.3\jbr\bin\VCRUNTIME140.dll
0x00007ffd910a0000 - 0x00007ffd91240000 	C:\WINDOWS\System32\USER32.dll
0x00007ffd8fb00000 - 0x00007ffd8fb22000 	C:\WINDOWS\System32\win32u.dll
0x00007ffd91b00000 - 0x00007ffd91b2a000 	C:\WINDOWS\System32\GDI32.dll
0x00007ffd8e6d0000 - 0x00007ffd8e96a000 	C:\WINDOWS\WinSxS\amd64_microsoft.windows.common-controls_6595b64144ccf1df_6.0.19041.844_none_ca00b6081b84eb1d\COMCTL32.dll
0x00007ffd8f9f0000 - 0x00007ffd8fafb000 	C:\WINDOWS\System32\gdi32full.dll
0x00007ffd90f00000 - 0x00007ffd90f9e000 	C:\WINDOWS\System32\msvcrt.dll
0x00007ffd8fb30000 - 0x00007ffd8fbcd000 	C:\WINDOWS\System32\msvcp_win.dll
0x00007ffd91770000 - 0x00007ffd917a0000 	C:\WINDOWS\System32\IMM32.DLL
0x00007ffd4dd40000 - 0x00007ffd4dddd000 	C:\Program Files\JetBrains\PyCharm Community Edition 2020.2.3\jbr\bin\msvcp140.dll
0x00007ffd46a70000 - 0x00007ffd4752d000 	C:\Program Files\JetBrains\PyCharm Community Edition 2020.2.3\jbr\bin\server\jvm.dll
0x00007ffd91910000 - 0x00007ffd919bc000 	C:\WINDOWS\System32\ADVAPI32.dll
0x00007ffd91310000 - 0x00007ffd913ab000 	C:\WINDOWS\System32\sechost.dll
0x00007ffd90dc0000 - 0x00007ffd90eeb000 	C:\WINDOWS\System32\RPCRT4.dll
0x00007ffd90c80000 - 0x00007ffd90c88000 	C:\WINDOWS\System32\PSAPI.DLL
0x00007ffd6d800000 - 0x00007ffd6d809000 	C:\WINDOWS\SYSTEM32\WSOCK32.dll
0x00007ffd784b0000 - 0x00007ffd784d7000 	C:\WINDOWS\SYSTEM32\WINMM.dll
0x00007ffd8c120000 - 0x00007ffd8c12a000 	C:\WINDOWS\SYSTEM32\VERSION.dll
0x00007ffd912a0000 - 0x00007ffd9130b000 	C:\WINDOWS\System32\WS2_32.dll
0x00007ffd8c470000 - 0x00007ffd8c482000 	C:\WINDOWS\SYSTEM32\kernel.appcore.dll
0x00007ffd80e90000 - 0x00007ffd80ea1000 	C:\Program Files\JetBrains\PyCharm Community Edition 2020.2.3\jbr\bin\verify.dll
0x00007ffd8ec60000 - 0x00007ffd8ee44000 	C:\WINDOWS\SYSTEM32\DBGHELP.DLL
0x00007ffd8ea90000 - 0x00007ffd8eabc000 	C:\WINDOWS\SYSTEM32\dbgcore.DLL
0x00007ffd8f970000 - 0x00007ffd8f9f0000 	C:\WINDOWS\System32\bcryptPrimitives.dll
0x00007ffd80280000 - 0x00007ffd802a9000 	C:\Program Files\JetBrains\PyCharm Community Edition 2020.2.3\jbr\bin\java.dll
0x00007ffd854a0000 - 0x00007ffd854ab000 	C:\Program Files\JetBrains\PyCharm Community Edition 2020.2.3\jbr\bin\jimage.dll
0x00007ffd80d70000 - 0x00007ffd80d88000 	C:\Program Files\JetBrains\PyCharm Community Edition 2020.2.3\jbr\bin\zip.dll

dbghelp: loaded successfully - version: 4.0.5 - missing functions: none
symbol engine: initialized successfully - sym options: 0x614 - pdb path: .;C:\Program Files\JetBrains\PyCharm Community Edition 2020.2.3\jbr\bin;C:\WINDOWS\SYSTEM32;C:\WINDOWS\WinSxS\amd64_microsoft.windows.common-controls_6595b64144ccf1df_6.0.19041.844_none_ca00b6081b84eb1d;C:\Program Files\JetBrains\PyCharm Community Edition 2020.2.3\jbr\bin\server

VM Arguments:
java_command: org.jetbrains.git4idea.http.GitAskPassApp Username for 'https://github.com': 
java_class_path (initial): C:/Program Files/JetBrains/PyCharm Community Edition 2020.2.3/plugins/git4idea/lib/git4idea-rt.jar;C:/Program Files/JetBrains/PyCharm Community Edition 2020.2.3/lib/xmlrpc-2.0.1.jar;C:/Program Files/JetBrains/PyCharm Community Edition 2020.2.3/lib/commons-codec-1.14.jar
Launcher Type: SUN_STANDARD

[Global flags]
     intx CICompilerCount                          = 4                                         {product} {ergonomic}
     uint ConcGCThreads                            = 2                                         {product} {ergonomic}
     uint G1ConcRefinementThreads                  = 8                                         {product} {ergonomic}
   size_t G1HeapRegionSize                         = 1048576                                   {product} {ergonomic}
    uintx GCDrainStackTargetSize                   = 64                                        {product} {ergonomic}
   size_t InitialHeapSize                          = 400556032                                 {product} {ergonomic}
   size_t MarkStackSize                            = 4194304                                   {product} {ergonomic}
   size_t MaxHeapSize                              = 6377439232                                {product} {ergonomic}
   size_t MinHeapDeltaBytes                        = 1048576                                   {product} {ergonomic}
    uintx NonNMethodCodeHeapSize                   = 5836300                                {pd product} {ergonomic}
    uintx NonProfiledCodeHeapSize                  = 122910970                              {pd product} {ergonomic}
    uintx ProfiledCodeHeapSize                     = 122910970                              {pd product} {ergonomic}
    uintx ReservedCodeCacheSize                    = 251658240                              {pd product} {ergonomic}
     bool SegmentedCodeCache                       = true                                      {product} {ergonomic}
     bool UseCompressedClassPointers               = true                                 {lp64_product} {ergonomic}
     bool UseCompressedOops                        = true                                 {lp64_product} {ergonomic}
     bool UseG1GC                                  = true                                      {product} {ergonomic}
     bool UseLargePagesIndividualAllocation        = false                                  {pd product} {ergonomic}

Logging:
Log output configuration:
 #0: stdout all=warning uptime,level,tags
 #1: stderr all=off uptime,level,tags

Environment Variables:
PATH=C:\Program Files\Git\mingw64\libexec\git-core;C:\Program Files\Git\mingw64\libexec\git-core;C:\Program Files\Git\mingw64\bin;C:\Program Files\Git\usr\bin;C:\Users\Owner\bin;C:\Users\Owner\AppData\Local\Programs\Python\Python39\Scripts;C:\Users\Owner\AppData\Local\Programs\Python\Python39;C:\WINDOWS\system32;C:\WINDOWS;C:\WINDOWS\System32\Wbem;C:\WINDOWS\System32\WindowsPowerShell\v1.0;C:\WINDOWS\System32\OpenSSH;C:\Program Files\MATLAB\R2020a\runtime\win64;C:\Program Files\MATLAB\R2020a\bin;C:\Android;C:\Windows\System32;C:\Program Files\Git\cmd;C:\Program Files\PuTTY;C:\Program Files\nodejs;C:\ProgramData\chocolatey\bin;C:\Users\Owner\AppData\Local\Microsoft\WindowsApps;C:\Users\Owner\AppData\Local\Programs\Microsoft VS Code\bin;C:\Program Files\JetBrains\PyCharm Community Edition 2020.2.3\bin;C:\Users\Owner\AppData\Roaming\npm;C:\Users\Owner\AppData\Local\GitHubDesktop\bin;C:\Program Files\heroku\bin
USERNAME=Owner
DISPLAY=:0.0
LC_ALL=en_US.UTF-8
OS=Windows_NT
PROCESSOR_IDENTIFIER=Intel64 Family 6 Model 142 Stepping 12, GenuineIntel



---------------  S Y S T E M  ---------------

OS: Windows 10 , 64 bit Build 19041 (10.0.19041.928)
OS uptime: 11 days 3:41 hours

CPU:total 8 (initial active 8) (4 cores per cpu, 2 threads per core) family 6 model 142 stepping 12, cmov, cx8, fxsr, mmx, sse, sse2, sse3, ssse3, sse4.1, sse4.2, popcnt, avx, avx2, aes, clmul, erms, 3dnowpref, lzcnt, ht, tsc, tscinvbit, bmi1, bmi2, adx, fma

Memory: 4k page, system-wide physical 24323M (4848M free)
TotalPageFile size 54655M (AvailPageFile size 199M)
current process WorkingSet (physical memory assigned to process): 10M, peak: 10M
current process commit charge ("private bytes"): 61M, peak: 443M

vm_info: OpenJDK 64-Bit Server VM (11.0.8+10-b944.34) for windows-amd64 JRE (11.0.8+10-b944.34), built on Sep 11 2020 15:32:11 by "" with MS VC++ 14.0 (VS2015)

END.
